#
# A fatal error has been detected by the Java Runtime Environment:
#
#  EXCEPTION_ACCESS_VIOLATION (0xc0000005) at pc=0x00007ffc82cae12f, pid=364204, tid=171832
#
# JRE version: OpenJDK Runtime Environment Zulu11.56+19-CA (11.0.15+10) (build 11.0.15+10-LTS)
# Java VM: OpenJDK 64-Bit Server VM Zulu11.56+19-CA (11.0.15+10-LTS, mixed mode, tiered, compressed oops, g1 gc, windows-amd64)
# Problematic frame:
# V  [jvm.dll+0x21e12f]
#
# No core dump will be written. Minidumps are not enabled by default on client versions of Windows
#
# If you would like to submit a bug report, please visit:
#   http://www.azul.com/support/
#

---------------  S U M M A R Y ------------

Command Line: -Dfile.encoding=UTF-8 -Duser.country=KR -Duser.language=ko -Duser.variant com.project.QR.QrApplication

Host: Intel(R) Core(TM) i7-8750H CPU @ 2.20GHz, 12 cores, 15G,  Windows 11 , 64 bit Build 22000 (10.0.22000.708)
Time: Tue Sep 27 15:55:35 2022  Windows 11 , 64 bit Build 22000 (10.0.22000.708) elapsed time: 83502.920679 seconds (0d 23h 11m 42s)

---------------  T H R E A D  ---------------

Current thread (0x000002380a4cc000):  GCTaskThread "GC Thread#9" [stack: 0x000000a7be500000,0x000000a7be600000] [id=171832]

Stack: [0x000000a7be500000,0x000000a7be600000],  sp=0x000000a7be5ff5b0,  free space=1021k
Native frames: (J=compiled Java code, j=interpreted, Vv=VM code, C=native code)
V  [jvm.dll+0x21e12f]
V  [jvm.dll+0x21e66f]
V  [jvm.dll+0x2ed3e9]
V  [jvm.dll+0x2ecc89]
V  [jvm.dll+0x7e5cd0]
V  [jvm.dll+0x7710b4]
V  [jvm.dll+0x626ff6]
C  [ucrtbase.dll+0x26c0c]
C  [KERNEL32.DLL+0x154e0]
C  [ntdll.dll+0x485b]


siginfo: EXCEPTION_ACCESS_VIOLATION (0xc0000005), reading address 0xffffffff7fffffff


Register to memory mapping:

RIP=0x00007ffc82cae12f jvm.dll
RAX=0xffffffff7fffffff is an unknown value
RBX=0x0 is NULL
RCX=0x0 is NULL
RDX=0x00000238660b0cd5 is at entry_point+1973 in (nmethod*)0x00000238660b0110
RSP=0x000000a7be5ff5b0 points into unknown readable memory: 0x0000000000000000 | 00 00 00 00 00 00 00 00
RBP=0x0000023801a55400 points into unknown readable memory: 0x0000000000000002 | 02 00 00 00 00 00 00 00
RSI=0x0000023801b7f670 points into unknown readable memory: 0x0000023801b7f690 | 90 f6 b7 01 38 02 00 00
RDI=0xffffffff7fffffff is an unknown value
R8 =0x00000238641dad00 points into unknown readable memory: 0x0000000000000006 | 06 00 00 00 00 00 00 00
R9 =0x0000023859920000 points into unknown readable memory: 0x0100050403020100 | 00 01 02 03 04 05 00 01
R10=0x0000023864190000 points into unknown readable memory: 0x0000000000000006 | 06 00 00 00 00 00 00 00
R11=0x0 is NULL
R12=0x0 is NULL
R13=0x0000000000000001 is an unknown value
R14=0x00000238660b0110 is at entry_point+-1040 in (nmethod*)0x00000238660b0110
R15=0x000000000000f000 is an unknown value


Registers:
RAX=0xffffffff7fffffff, RBX=0x0000000000000000, RCX=0x0000000000000000, RDX=0x00000238660b0cd5
RSP=0x000000a7be5ff5b0, RBP=0x0000023801a55400, RSI=0x0000023801b7f670, RDI=0xffffffff7fffffff
R8 =0x00000238641dad00, R9 =0x0000023859920000, R10=0x0000023864190000, R11=0x0000000000000000
R12=0x0000000000000000, R13=0x0000000000000001, R14=0x00000238660b0110, R15=0x000000000000f000
RIP=0x00007ffc82cae12f, EFLAGS=0x0000000000010286

Top of Stack: (sp=0x000000a7be5ff5b0)
0x000000a7be5ff5b0:   0000000000000000 0000000000000001
0x000000a7be5ff5c0:   0000000000000001 00000238660b0110
0x000000a7be5ff5d0:   0000023801a554b0 00000000000003d8
0x000000a7be5ff5e0:   0000023801b7f3f0 0000023801b7f7c8
0x000000a7be5ff5f0:   0000000000000000 00000238660b02c8
0x000000a7be5ff600:   00000238660b0520 00000238660b0110
0x000000a7be5ff610:   00000238660b0cdf 00000238660b000a
0x000000a7be5ff620:   000000a7be5ff618 0000023866010001
0x000000a7be5ff630:   00000238660b0520 00000238660b0520
0x000000a7be5ff640:   00000238660b19c0 00000238660b0520
0x000000a7be5ff650:   00000238660b19c0 00000238660b1c18
0x000000a7be5ff660:   00007ffc8333eea0 000000a7be5ff5f0
0x000000a7be5ff670:   00000238660b0cd5 0000023800000000
0x000000a7be5ff680:   00007ffc8333c470 000000a7be5ff610
0x000000a7be5ff690:   0000000000000001 0000023801b7f3e0
0x000000a7be5ff6a0:   0000023801b7f7c8 0000023801b7f3f0 

Instructions: (pc=0x00007ffc82cae12f)
0x00007ffc82cae02f:   00 48 8b 54 24 48 44 0f b7 02 48 8b 44 24 40 41
0x00007ffc82cae03f:   81 e0 ff 03 00 00 4c 03 44 24 60 4c 89 44 24 60
0x00007ffc82cae04f:   48 85 c0 74 09 4c 3b c0 0f 83 7c 01 00 00 0f b7
0x00007ffc82cae05f:   02 66 c1 e8 0a 24 03 88 44 24 7a 0f b7 0a c1 e9
0x00007ffc82cae06f:   0c 83 e9 02 74 46 83 e9 01 0f 84 1f 01 00 00 83
0x00007ffc82cae07f:   f9 01 0f 85 79 ff ff ff 49 8b 1e 48 8d 4c 24 40
0x00007ffc82cae08f:   e8 1c 2c 46 00 48 8b d0 49 8b ce ff 93 18 02 00
0x00007ffc82cae09f:   00 45 0f b6 cc 45 0f b6 c5 48 8b c8 49 8b d6 e8
0x00007ffc82cae0af:   9d fd ff ff 40 0a e8 e9 35 ff ff ff 40 84 f6 0f
0x00007ffc82cae0bf:   84 d9 00 00 00 33 d2 8d 4a 20 e8 d2 73 46 00 48
0x00007ffc82cae0cf:   85 c0 74 12 48 8d 54 24 40 48 8b c8 e8 20 e2 ff
0x00007ffc82cae0df:   ff 48 8b f0 eb 03 48 8b f7 48 8b ce e8 a0 e8 ff
0x00007ffc82cae0ef:   ff 48 8b ce 0f b6 d8 e8 55 e2 ff ff 48 8b f8 84
0x00007ffc82cae0ff:   db 74 28 80 7f 18 00 48 8b 00 74 0c 48 8b 40 08
0x00007ffc82cae10f:   48 8b 48 08 48 8b 41 18 48 8b 80 98 00 00 00 80
0x00007ffc82cae11f:   78 20 00 75 65 48 8b 47 08 eb 3a 48 85 ff 74 5a
0x00007ffc82cae12f:   48 8b 00 48 8b cf ff 50 08 84 c0 74 0f 48 8b 87
0x00007ffc82cae13f:   98 00 00 00 80 78 20 00 74 4a eb 3e 48 8b 07 48
0x00007ffc82cae14f:   8b cf ff 50 10 84 c0 74 1b 48 8b 47 08 48 8b 48
0x00007ffc82cae15f:   08 48 8b 41 18 48 8b 88 98 00 00 00 80 79 20 00
0x00007ffc82cae16f:   74 22 eb 16 ba 84 01 00 00 48 8d 0d 31 11 69 00
0x00007ffc82cae17f:   e8 0c 50 03 00 e8 b7 21 40 00 b2 01 48 8b ce e8
0x00007ffc82cae18f:   5d eb ff ff 0f b6 b4 24 30 01 00 00 33 ff 33 d2
0x00007ffc82cae19f:   8d 4a 20 e8 f9 72 46 00 48 85 c0 74 0f 48 8d 54
0x00007ffc82cae1af:   24 40 48 8b c8 e8 47 e1 ff ff eb 03 48 8b c7 45
0x00007ffc82cae1bf:   0f b6 cc 45 0f b6 c5 49 8b d6 48 8b c8 e8 bf fb
0x00007ffc82cae1cf:   ff ff 40 0a e8 e9 17 fe ff ff 48 8b bc 24 20 01
0x00007ffc82cae1df:   00 00 b8 ff ff ff ff 4c 8b 7c 24 20 66 89 44 24
0x00007ffc82cae1ef:   78 48 83 3f 00 74 15 48 8b 54 24 28 49 8b cf e8
0x00007ffc82cae1ff:   ad 4a ea ff 48 8b cf e8 15 4a ea ff 48 8b 44 24
0x00007ffc82cae20f:   30 48 8b 9c 24 28 01 00 00 49 89 47 18 48 8b 44
0x00007ffc82cae21f:   24 38 49 89 47 20 40 0f b6 c5 49 89 7f 10 48 81 


Stack slot to memory mapping:
stack at sp + 0 slots: 0x0 is NULL
stack at sp + 1 slots: 0x0000000000000001 is an unknown value
stack at sp + 2 slots: 0x0000000000000001 is an unknown value
stack at sp + 3 slots: 0x00000238660b0110 is at entry_point+-1040 in (nmethod*)0x00000238660b0110
stack at sp + 4 slots: 0x0000023801a554b0 points into unknown readable memory: 0x0000023800000002 | 02 00 00 00 38 02 00 00
stack at sp + 5 slots: 0x00000000000003d8 is an unknown value
stack at sp + 6 slots: 0x0000023801b7f3f0 points into unknown readable memory: 0x00007ffc83394d00 | 00 4d 39 83 fc 7f 00 00
stack at sp + 7 slots: 0x0000023801b7f7c8 points into unknown readable memory: 0x800005001697b92f | 2f b9 97 16 00 05 00 80


---------------  P R O C E S S  ---------------

Threads class SMR info:
_java_thread_list=0x0000023805cf7040, length=16, elements={
0x000002387fb8b000, 0x000002387fb8c000, 0x000002387fcab800, 0x000002387fcad000,
0x000002387fcb0000, 0x000002387fcb1000, 0x000002387fcb5000, 0x000002387fcc8800,
0x000002387fdde000, 0x0000023801364800, 0x0000023802e9f800, 0x00000238016b9800,
0x0000023802e98000, 0x00000238016b4000, 0x0000023801367000, 0x0000023801366800
}

Java Threads: ( => current thread )
  0x000002387fb8b000 JavaThread "Reference Handler" daemon [_thread_blocked, id=89196, stack(0x000000a7bc400000,0x000000a7bc500000)]
  0x000002387fb8c000 JavaThread "Finalizer" daemon [_thread_blocked, id=213732, stack(0x000000a7bc500000,0x000000a7bc600000)]
  0x000002387fcab800 JavaThread "Signal Dispatcher" daemon [_thread_blocked, id=371588, stack(0x000000a7bc600000,0x000000a7bc700000)]
  0x000002387fcad000 JavaThread "Attach Listener" daemon [_thread_blocked, id=24044, stack(0x000000a7bc700000,0x000000a7bc800000)]
  0x000002387fcb0000 JavaThread "Service Thread" daemon [_thread_blocked, id=362996, stack(0x000000a7bc800000,0x000000a7bc900000)]
  0x000002387fcb1000 JavaThread "C2 CompilerThread0" daemon [_thread_blocked, id=345356, stack(0x000000a7bc900000,0x000000a7bca00000)]
  0x000002387fcb5000 JavaThread "C1 CompilerThread0" daemon [_thread_blocked, id=372480, stack(0x000000a7bca00000,0x000000a7bcb00000)]
  0x000002387fcc8800 JavaThread "Sweeper thread" daemon [_thread_blocked, id=367584, stack(0x000000a7bcb00000,0x000000a7bcc00000)]
  0x000002387fdde000 JavaThread "Common-Cleaner" daemon [_thread_blocked, id=339620, stack(0x000000a7bcd00000,0x000000a7bce00000)]
  0x0000023801364800 JavaThread "mysql-cj-abandoned-connection-cleanup" daemon [_thread_blocked, id=352988, stack(0x000000a7bdd00000,0x000000a7bde00000)]
  0x0000023802e9f800 JavaThread "Live Reload Server" daemon [_thread_in_native, id=214704, stack(0x000000a7bf500000,0x000000a7bf600000)]
  0x00000238016b9800 JavaThread "DestroyJavaVM" [_thread_blocked, id=117532, stack(0x000000a7bbd00000,0x000000a7bbe00000)]
  0x0000023802e98000 JavaThread "File Watcher" daemon [_thread_blocked, id=204736, stack(0x000000a7bbc00000,0x000000a7bbd00000)]
  0x00000238016b4000 JavaThread "File Watcher" daemon [_thread_blocked, id=181076, stack(0x000000a7bd500000,0x000000a7bd600000)]
  0x0000023801367000 JavaThread "Thread-22" [_thread_blocked, id=342060, stack(0x000000a7bba00000,0x000000a7bbb00000)]
  0x0000023801366800 JavaThread "globalEventExecutor-2-6" [_thread_blocked, id=14320, stack(0x000000a7bce00000,0x000000a7bcf00000)]

Other Threads:
  0x000002387fb89000 VMThread "VM Thread" [stack: 0x000000a7bc300000,0x000000a7bc400000] [id=367988]
  0x000002387fe4f000 WatcherThread [stack: 0x000000a7bcc00000,0x000000a7bcd00000] [id=352840]
  0x000002385b9f1000 GCTaskThread "GC Thread#0" [stack: 0x000000a7bbe00000,0x000000a7bbf00000] [id=364680]
  0x0000023801d97000 GCTaskThread "GC Thread#1" [stack: 0x000000a7bd000000,0x000000a7bd100000] [id=295564]
  0x0000023801b87800 GCTaskThread "GC Thread#2" [stack: 0x000000a7bd100000,0x000000a7bd200000] [id=209300]
  0x0000023801c84000 GCTaskThread "GC Thread#3" [stack: 0x000000a7bd200000,0x000000a7bd300000] [id=11752]
  0x0000023801ed7800 GCTaskThread "GC Thread#4" [stack: 0x000000a7bd300000,0x000000a7bd400000] [id=376704]
  0x000002380143d000 GCTaskThread "GC Thread#5" [stack: 0x000000a7bd400000,0x000000a7bd500000] [id=15304]
  0x000002380180b800 GCTaskThread "GC Thread#6" [stack: 0x000000a7bd800000,0x000000a7bd900000] [id=288808]
  0x0000023801c5b000 GCTaskThread "GC Thread#7" [stack: 0x000000a7bd900000,0x000000a7bda00000] [id=12540]
  0x000002380a4cd000 GCTaskThread "GC Thread#8" [stack: 0x000000a7be400000,0x000000a7be500000] [id=336464]
=>0x000002380a4cc000 GCTaskThread "GC Thread#9" [stack: 0x000000a7be500000,0x000000a7be600000] [id=171832]
  0x000002385ba51000 ConcurrentGCThread "G1 Main Marker" [stack: 0x000000a7bbf00000,0x000000a7bc000000] [id=364560]
  0x000002385ba53800 ConcurrentGCThread "G1 Conc#0" [stack: 0x000000a7bc000000,0x000000a7bc100000] [id=318704]
  0x00000238026d9800 ConcurrentGCThread "G1 Conc#1" [stack: 0x000000a7bda00000,0x000000a7bdb00000] [id=364456]
  0x0000023802611800 ConcurrentGCThread "G1 Conc#2" [stack: 0x000000a7bdb00000,0x000000a7bdc00000] [id=375500]
  0x000002387fa71000 ConcurrentGCThread "G1 Refine#0" [stack: 0x000000a7bc100000,0x000000a7bc200000] [id=129452]
  0x000002380a4c6800 ConcurrentGCThread "G1 Refine#1" [stack: 0x000000a7bfd00000,0x000000a7bfe00000] [id=13912]
  0x000002387fa74000 ConcurrentGCThread "G1 Young RemSet Sampling" [stack: 0x000000a7bc200000,0x000000a7bc300000] [id=94276]

Threads with active compile tasks:
C2 CompilerThread0  83503099 15943   !   4       org.springframework.beans.factory.support.DefaultSingletonBeanRegistry::destroyBean (385 bytes)

VM state:at safepoint (normal execution)

VM Mutex/Monitor currently owned by a thread:  ([mutex/lock_event])
[0x000002385b9d56c0] Threads_lock - owner thread: 0x000002387fb89000
[0x000002385b9d6440] Heap_lock - owner thread: 0x0000023801367000

Heap address: 0x0000000702200000, size: 4062 MB, Compressed Oops mode: Zero based, Oop shift amount: 3
Narrow klass base: 0x0000000800000000, Narrow klass shift: 0
Compressed class space size: 1073741824 Address: 0x0000000800000000

Heap:
 garbage-first heap   total 130048K, used 95192K [0x0000000702200000, 0x0000000800000000)
  region size 1024K, 39 young (39936K), 1 survivors (1024K)
 Metaspace       used 111664K, capacity 114483K, committed 116992K, reserved 1150976K
  class space    used 13542K, capacity 14666K, committed 15104K, reserved 1048576K
Heap Regions: E=young(eden), S=young(survivor), O=old, HS=humongous(starts), HC=humongous(continues), CS=collection set, F=free, A=archive, TAMS=top-at-mark-start (previous, next)
|   0|0x0000000702200000, 0x0000000702300000, 0x0000000702300000|100%|HS|  |TAMS 0x0000000702300000, 0x0000000702200000| Complete 
|   1|0x0000000702300000, 0x0000000702400000, 0x0000000702400000|100%| O|  |TAMS 0x0000000702400000, 0x0000000702300000| Untracked 
|   2|0x0000000702400000, 0x0000000702500000, 0x0000000702500000|100%| O|  |TAMS 0x0000000702500000, 0x0000000702400000| Untracked 
|   3|0x0000000702500000, 0x00000007025ffff0, 0x0000000702600000| 99%| O|  |TAMS 0x00000007025ffff0, 0x0000000702500000| Untracked 
|   4|0x0000000702600000, 0x00000007026ffff8, 0x0000000702700000| 99%| O|  |TAMS 0x00000007026ffff8, 0x0000000702600000| Untracked 
|   5|0x0000000702700000, 0x00000007027fffc0, 0x0000000702800000| 99%| O|  |TAMS 0x00000007027fffc0, 0x0000000702700000| Untracked 
|   6|0x0000000702800000, 0x00000007028ffff8, 0x0000000702900000| 99%| O|  |TAMS 0x00000007028ffff8, 0x0000000702800000| Untracked 
|   7|0x0000000702900000, 0x0000000702a00000, 0x0000000702a00000|100%| O|  |TAMS 0x0000000702a00000, 0x0000000702900000| Untracked 
|   8|0x0000000702a00000, 0x0000000702affff0, 0x0000000702b00000| 99%| O|  |TAMS 0x0000000702affff0, 0x0000000702a00000| Untracked 
|   9|0x0000000702b00000, 0x0000000702bffff0, 0x0000000702c00000| 99%| O|  |TAMS 0x0000000702bffff0, 0x0000000702b00000| Untracked 
|  10|0x0000000702c00000, 0x0000000702cffff8, 0x0000000702d00000| 99%| O|  |TAMS 0x0000000702cffff8, 0x0000000702c00000| Untracked 
|  11|0x0000000702d00000, 0x0000000702dffff8, 0x0000000702e00000| 99%| O|  |TAMS 0x0000000702dffff8, 0x0000000702d00000| Untracked 
|  12|0x0000000702e00000, 0x0000000702efffd0, 0x0000000702f00000| 99%| O|  |TAMS 0x0000000702efffd0, 0x0000000702e00000| Untracked 
|  13|0x0000000702f00000, 0x0000000702fffff0, 0x0000000703000000| 99%| O|  |TAMS 0x0000000702fffff0, 0x0000000702f00000| Untracked 
|  14|0x0000000703000000, 0x00000007030fc0f0, 0x0000000703100000| 98%| O|  |TAMS 0x00000007030fc0f0, 0x0000000703000000| Untracked 
|  15|0x0000000703100000, 0x00000007031ffff8, 0x0000000703200000| 99%| O|  |TAMS 0x00000007031ffff8, 0x0000000703100000| Untracked 
|  16|0x0000000703200000, 0x00000007032ffff8, 0x0000000703300000| 99%| O|  |TAMS 0x00000007032ffff8, 0x0000000703200000| Untracked 
|  17|0x0000000703300000, 0x00000007033fffd8, 0x0000000703400000| 99%| O|  |TAMS 0x00000007033fffd8, 0x0000000703300000| Untracked 
|  18|0x0000000703400000, 0x00000007034f80c0, 0x0000000703500000| 96%| O|  |TAMS 0x00000007034f80c0, 0x0000000703400000| Untracked 
|  19|0x0000000703500000, 0x00000007035ffff0, 0x0000000703600000| 99%| O|  |TAMS 0x00000007035ffff0, 0x0000000703500000| Untracked 
|  20|0x0000000703600000, 0x0000000703700000, 0x0000000703700000|100%| O|  |TAMS 0x0000000703700000, 0x0000000703600000| Untracked 
|  21|0x0000000703700000, 0x0000000703800000, 0x0000000703800000|100%| O|  |TAMS 0x0000000703800000, 0x0000000703700000| Untracked 
|  22|0x0000000703800000, 0x0000000703900000, 0x0000000703900000|100%| O|  |TAMS 0x0000000703900000, 0x0000000703800000| Untracked 
|  23|0x0000000703900000, 0x00000007039ffff8, 0x0000000703a00000| 99%| O|  |TAMS 0x00000007039ffff8, 0x0000000703900000| Untracked 
|  24|0x0000000703a00000, 0x0000000703afffd8, 0x0000000703b00000| 99%| O|  |TAMS 0x0000000703afffd8, 0x0000000703a00000| Untracked 
|  25|0x0000000703b00000, 0x0000000703bfffd8, 0x0000000703c00000| 99%| O|  |TAMS 0x0000000703bfffd8, 0x0000000703b00000| Untracked 
|  26|0x0000000703c00000, 0x0000000703d00000, 0x0000000703d00000|100%| O|  |TAMS 0x0000000703d00000, 0x0000000703c00000| Untracked 
|  27|0x0000000703d00000, 0x0000000703dffff8, 0x0000000703e00000| 99%| O|  |TAMS 0x0000000703dffff8, 0x0000000703d00000| Untracked 
|  28|0x0000000703e00000, 0x0000000703efffe8, 0x0000000703f00000| 99%| O|  |TAMS 0x0000000703efffe8, 0x0000000703e00000| Untracked 
|  29|0x0000000703f00000, 0x0000000703ffffe0, 0x0000000704000000| 99%| O|  |TAMS 0x0000000703ffffe0, 0x0000000703f00000| Untracked 
|  30|0x0000000704000000, 0x00000007040fffe8, 0x0000000704100000| 99%| O|  |TAMS 0x00000007040fffe8, 0x0000000704000000| Untracked 
|  31|0x0000000704100000, 0x00000007041fffd8, 0x0000000704200000| 99%| O|  |TAMS 0x00000007041fffd8, 0x0000000704100000| Untracked 
|  32|0x0000000704200000, 0x00000007042ffff8, 0x0000000704300000| 99%| O|  |TAMS 0x00000007042ffff8, 0x0000000704200000| Untracked 
|  33|0x0000000704300000, 0x0000000704400000, 0x0000000704400000|100%| O|  |TAMS 0x0000000704400000, 0x0000000704300000| Untracked 
|  34|0x0000000704400000, 0x00000007044f41e0, 0x0000000704500000| 95%| O|  |TAMS 0x00000007044f41e0, 0x0000000704400000| Untracked 
|  35|0x0000000704500000, 0x0000000704600000, 0x0000000704600000|100%| O|  |TAMS 0x0000000704600000, 0x0000000704500000| Untracked 
|  36|0x0000000704600000, 0x0000000704700000, 0x0000000704700000|100%| O|  |TAMS 0x00000007046c1c00, 0x0000000704600000| Untracked 
|  37|0x0000000704700000, 0x0000000704800000, 0x0000000704800000|100%| O|  |TAMS 0x0000000704800000, 0x0000000704700000| Untracked 
|  38|0x0000000704800000, 0x00000007048ffff0, 0x0000000704900000| 99%| O|  |TAMS 0x00000007048ffff0, 0x0000000704800000| Untracked 
|  39|0x0000000704900000, 0x0000000704a00000, 0x0000000704a00000|100%| O|  |TAMS 0x0000000704900000, 0x0000000704900000| Untracked 
|  40|0x0000000704a00000, 0x0000000704b00000, 0x0000000704b00000|100%| O|  |TAMS 0x0000000704a00000, 0x0000000704a00000| Untracked 
|  41|0x0000000704b00000, 0x0000000704b39c00, 0x0000000704c00000| 22%| O|  |TAMS 0x0000000704b00000, 0x0000000704b00000| Untracked 
|  42|0x0000000704c00000, 0x0000000704c00000, 0x0000000704d00000|  0%| F|  |TAMS 0x0000000704c00000, 0x0000000704c00000| Untracked 
|  43|0x0000000704d00000, 0x0000000704e00000, 0x0000000704e00000|100%| O|  |TAMS 0x0000000704e00000, 0x0000000704d00000| Untracked 
|  44|0x0000000704e00000, 0x0000000704f00000, 0x0000000704f00000|100%| O|  |TAMS 0x0000000704f00000, 0x0000000704e00000| Untracked 
|  45|0x0000000704f00000, 0x0000000705000000, 0x0000000705000000|100%| O|  |TAMS 0x0000000705000000, 0x0000000704f00000| Untracked 
|  46|0x0000000705000000, 0x0000000705000000, 0x0000000705100000|  0%| F|  |TAMS 0x0000000705000000, 0x0000000705000000| Untracked 
|  47|0x0000000705100000, 0x0000000705100000, 0x0000000705200000|  0%| F|  |TAMS 0x0000000705100000, 0x0000000705100000| Untracked 
|  48|0x0000000705200000, 0x0000000705200000, 0x0000000705300000|  0%| F|  |TAMS 0x0000000705200000, 0x0000000705200000| Untracked 
|  49|0x0000000705300000, 0x0000000705300000, 0x0000000705400000|  0%| F|  |TAMS 0x0000000705300000, 0x0000000705300000| Untracked 
|  50|0x0000000705400000, 0x0000000705500000, 0x0000000705500000|100%| O|  |TAMS 0x0000000705500000, 0x0000000705400000| Untracked 
|  51|0x0000000705500000, 0x0000000705600000, 0x0000000705600000|100%| O|  |TAMS 0x0000000705600000, 0x0000000705500000| Untracked 
|  52|0x0000000705600000, 0x0000000705600000, 0x0000000705700000|  0%| F|  |TAMS 0x0000000705600000, 0x0000000705600000| Untracked 
|  53|0x0000000705700000, 0x0000000705800000, 0x0000000705800000|100%| O|  |TAMS 0x0000000705800000, 0x0000000705700000| Untracked 
|  54|0x0000000705800000, 0x0000000705900000, 0x0000000705900000|100%| O|  |TAMS 0x0000000705900000, 0x0000000705800000| Untracked 
|  55|0x0000000705900000, 0x0000000705a00000, 0x0000000705a00000|100%| O|  |TAMS 0x0000000705a00000, 0x0000000705900000| Untracked 
|  56|0x0000000705a00000, 0x0000000705b00000, 0x0000000705b00000|100%| O|  |TAMS 0x0000000705b00000, 0x0000000705a00000| Untracked 
|  57|0x0000000705b00000, 0x0000000705b00000, 0x0000000705c00000|  0%| F|  |TAMS 0x0000000705b00000, 0x0000000705b00000| Untracked 
|  58|0x0000000705c00000, 0x0000000705d00000, 0x0000000705d00000|100%| O|  |TAMS 0x0000000705d00000, 0x0000000705c00000| Untracked 
|  59|0x0000000705d00000, 0x0000000705d00000, 0x0000000705e00000|  0%| F|  |TAMS 0x0000000705d00000, 0x0000000705d00000| Untracked 
|  60|0x0000000705e00000, 0x0000000705f00000, 0x0000000705f00000|100%| O|  |TAMS 0x0000000705f00000, 0x0000000705e00000| Untracked 
|  61|0x0000000705f00000, 0x0000000706000000, 0x0000000706000000|100%| O|  |TAMS 0x0000000706000000, 0x0000000705f00000| Untracked 
|  62|0x0000000706000000, 0x0000000706100000, 0x0000000706100000|100%| O|  |TAMS 0x0000000706100000, 0x0000000706000000| Untracked 
|  63|0x0000000706100000, 0x0000000706200000, 0x0000000706200000|100%| O|  |TAMS 0x0000000706200000, 0x0000000706100000| Untracked 
|  64|0x0000000706200000, 0x0000000706200000, 0x0000000706300000|  0%| F|  |TAMS 0x0000000706200000, 0x0000000706200000| Untracked 
|  65|0x0000000706300000, 0x0000000706300000, 0x0000000706400000|  0%| F|  |TAMS 0x0000000706300000, 0x0000000706300000| Untracked 
|  66|0x0000000706400000, 0x0000000706400000, 0x0000000706500000|  0%| F|  |TAMS 0x0000000706400000, 0x0000000706400000| Untracked 
|  67|0x0000000706500000, 0x0000000706500000, 0x0000000706600000|  0%| F|  |TAMS 0x0000000706500000, 0x0000000706500000| Untracked 
|  68|0x0000000706600000, 0x0000000706600000, 0x0000000706700000|  0%| F|  |TAMS 0x0000000706600000, 0x0000000706600000| Untracked 
|  69|0x0000000706700000, 0x0000000706700000, 0x0000000706800000|  0%| F|  |TAMS 0x0000000706700000, 0x0000000706700000| Untracked 
|  70|0x0000000706800000, 0x00000007068b4750, 0x0000000706900000| 70%| S|  |TAMS 0x0000000706800000, 0x0000000706800000| Complete 
|  71|0x0000000706900000, 0x0000000706900000, 0x0000000706a00000|  0%| F|  |TAMS 0x0000000706900000, 0x0000000706900000| Untracked 
|  72|0x0000000706a00000, 0x0000000706a00000, 0x0000000706b00000|  0%| F|  |TAMS 0x0000000706a00000, 0x0000000706a00000| Untracked 
|  73|0x0000000706b00000, 0x0000000706b00000, 0x0000000706c00000|  0%| F|  |TAMS 0x0000000706b00000, 0x0000000706b00000| Untracked 
|  74|0x0000000706c00000, 0x0000000706c00000, 0x0000000706d00000|  0%| F|  |TAMS 0x0000000706c00000, 0x0000000706c00000| Untracked 
|  75|0x0000000706d00000, 0x0000000706d00000, 0x0000000706e00000|  0%| F|  |TAMS 0x0000000706d00000, 0x0000000706d00000| Untracked 
|  76|0x0000000706e00000, 0x0000000706e00000, 0x0000000706f00000|  0%| F|  |TAMS 0x0000000706e00000, 0x0000000706e00000| Untracked 
|  77|0x0000000706f00000, 0x0000000706f00000, 0x0000000707000000|  0%| F|  |TAMS 0x0000000706f00000, 0x0000000706f00000| Untracked 
|  78|0x0000000707000000, 0x0000000707000000, 0x0000000707100000|  0%| F|  |TAMS 0x0000000707000000, 0x0000000707000000| Untracked 
|  79|0x0000000707100000, 0x0000000707100000, 0x0000000707200000|  0%| F|  |TAMS 0x0000000707100000, 0x0000000707100000| Untracked 
|  80|0x0000000707200000, 0x0000000707200000, 0x0000000707300000|  0%| F|  |TAMS 0x0000000707200000, 0x0000000707200000| Untracked 
|  81|0x0000000707300000, 0x0000000707300000, 0x0000000707400000|  0%| F|  |TAMS 0x0000000707300000, 0x0000000707300000| Untracked 
|  82|0x0000000707400000, 0x0000000707400000, 0x0000000707500000|  0%| F|  |TAMS 0x0000000707400000, 0x0000000707400000| Untracked 
|  83|0x0000000707500000, 0x0000000707500000, 0x0000000707600000|  0%| F|  |TAMS 0x0000000707500000, 0x0000000707500000| Untracked 
|  84|0x0000000707600000, 0x0000000707600000, 0x0000000707700000|  0%| F|  |TAMS 0x0000000707600000, 0x0000000707600000| Untracked 
|  85|0x0000000707700000, 0x0000000707700000, 0x0000000707800000|  0%| F|  |TAMS 0x0000000707700000, 0x0000000707700000| Untracked 
|  86|0x0000000707800000, 0x0000000707800000, 0x0000000707900000|  0%| F|  |TAMS 0x0000000707800000, 0x0000000707800000| Untracked 
|  87|0x0000000707900000, 0x0000000707900000, 0x0000000707a00000|  0%| F|  |TAMS 0x0000000707900000, 0x0000000707900000| Untracked 
|  88|0x0000000707a00000, 0x0000000707a00000, 0x0000000707b00000|  0%| F|  |TAMS 0x0000000707a00000, 0x0000000707a00000| Untracked 
|  89|0x0000000707b00000, 0x0000000707b1fd18, 0x0000000707c00000| 12%| E|  |TAMS 0x0000000707b00000, 0x0000000707b00000| Complete 
|  90|0x0000000707c00000, 0x0000000707d00000, 0x0000000707d00000|100%| E|  |TAMS 0x0000000707c00000, 0x0000000707c00000| Complete 
|  91|0x0000000707d00000, 0x0000000707e00000, 0x0000000707e00000|100%| E|  |TAMS 0x0000000707d00000, 0x0000000707d00000| Complete 
|  92|0x0000000707e00000, 0x0000000707f00000, 0x0000000707f00000|100%| E|  |TAMS 0x0000000707e00000, 0x0000000707e00000| Complete 
|  93|0x0000000707f00000, 0x0000000708000000, 0x0000000708000000|100%| E|  |TAMS 0x0000000707f00000, 0x0000000707f00000| Complete 
|  94|0x0000000708000000, 0x0000000708100000, 0x0000000708100000|100%| E|  |TAMS 0x0000000708000000, 0x0000000708000000| Complete 
|  95|0x0000000708100000, 0x0000000708200000, 0x0000000708200000|100%| E|  |TAMS 0x0000000708100000, 0x0000000708100000| Complete 
|  96|0x0000000708200000, 0x0000000708300000, 0x0000000708300000|100%| E|  |TAMS 0x0000000708200000, 0x0000000708200000| Complete 
|  97|0x0000000708300000, 0x0000000708400000, 0x0000000708400000|100%| E|  |TAMS 0x0000000708300000, 0x0000000708300000| Complete 
|  98|0x0000000708400000, 0x0000000708500000, 0x0000000708500000|100%| E|  |TAMS 0x0000000708400000, 0x0000000708400000| Complete 
|  99|0x0000000708500000, 0x0000000708600000, 0x0000000708600000|100%| E|  |TAMS 0x0000000708500000, 0x0000000708500000| Complete 
| 100|0x0000000708600000, 0x0000000708700000, 0x0000000708700000|100%| E|  |TAMS 0x0000000708600000, 0x0000000708600000| Complete 
| 101|0x0000000708700000, 0x0000000708800000, 0x0000000708800000|100%| E|  |TAMS 0x0000000708700000, 0x0000000708700000| Complete 
| 102|0x0000000708800000, 0x0000000708900000, 0x0000000708900000|100%| E|  |TAMS 0x0000000708800000, 0x0000000708800000| Complete 
| 103|0x0000000708900000, 0x0000000708a00000, 0x0000000708a00000|100%| E|  |TAMS 0x0000000708900000, 0x0000000708900000| Complete 
| 104|0x0000000708a00000, 0x0000000708b00000, 0x0000000708b00000|100%| E|  |TAMS 0x0000000708a00000, 0x0000000708a00000| Complete 
| 105|0x0000000708b00000, 0x0000000708c00000, 0x0000000708c00000|100%| E|  |TAMS 0x0000000708b00000, 0x0000000708b00000| Complete 
| 106|0x0000000708c00000, 0x0000000708d00000, 0x0000000708d00000|100%| E|  |TAMS 0x0000000708c00000, 0x0000000708c00000| Complete 
| 107|0x0000000708d00000, 0x0000000708e00000, 0x0000000708e00000|100%| E|  |TAMS 0x0000000708d00000, 0x0000000708d00000| Complete 
| 108|0x0000000708e00000, 0x0000000708f00000, 0x0000000708f00000|100%| E|  |TAMS 0x0000000708e00000, 0x0000000708e00000| Complete 
| 109|0x0000000708f00000, 0x0000000709000000, 0x0000000709000000|100%| E|  |TAMS 0x0000000708f00000, 0x0000000708f00000| Complete 
| 110|0x0000000709000000, 0x0000000709100000, 0x0000000709100000|100%| E|  |TAMS 0x0000000709000000, 0x0000000709000000| Complete 
| 111|0x0000000709100000, 0x0000000709200000, 0x0000000709200000|100%| E|  |TAMS 0x0000000709100000, 0x0000000709100000| Complete 
| 112|0x0000000709200000, 0x0000000709300000, 0x0000000709300000|100%| E|  |TAMS 0x0000000709200000, 0x0000000709200000| Complete 
| 113|0x0000000709300000, 0x0000000709400000, 0x0000000709400000|100%| E|  |TAMS 0x0000000709300000, 0x0000000709300000| Complete 
| 114|0x0000000709400000, 0x0000000709500000, 0x0000000709500000|100%| E|  |TAMS 0x0000000709400000, 0x0000000709400000| Complete 
| 115|0x0000000709500000, 0x0000000709600000, 0x0000000709600000|100%| E|  |TAMS 0x0000000709500000, 0x0000000709500000| Complete 
| 116|0x0000000709600000, 0x0000000709700000, 0x0000000709700000|100%| E|  |TAMS 0x0000000709600000, 0x0000000709600000| Complete 
| 117|0x0000000709700000, 0x0000000709800000, 0x0000000709800000|100%| E|  |TAMS 0x0000000709700000, 0x0000000709700000| Complete 
| 118|0x0000000709800000, 0x0000000709900000, 0x0000000709900000|100%| E|  |TAMS 0x0000000709800000, 0x0000000709800000| Complete 
| 119|0x0000000709900000, 0x0000000709a00000, 0x0000000709a00000|100%| E|  |TAMS 0x0000000709900000, 0x0000000709900000| Complete 
| 120|0x0000000709a00000, 0x0000000709b00000, 0x0000000709b00000|100%| E|  |TAMS 0x0000000709a00000, 0x0000000709a00000| Complete 
| 121|0x0000000709b00000, 0x0000000709c00000, 0x0000000709c00000|100%| E|  |TAMS 0x0000000709b00000, 0x0000000709b00000| Complete 
| 122|0x0000000709c00000, 0x0000000709d00000, 0x0000000709d00000|100%| E|  |TAMS 0x0000000709c00000, 0x0000000709c00000| Complete 
| 123|0x0000000709d00000, 0x0000000709e00000, 0x0000000709e00000|100%| E|  |TAMS 0x0000000709d00000, 0x0000000709d00000| Complete 
| 124|0x0000000709e00000, 0x0000000709f00000, 0x0000000709f00000|100%| E|  |TAMS 0x0000000709e00000, 0x0000000709e00000| Complete 
| 125|0x0000000709f00000, 0x000000070a000000, 0x000000070a000000|100%| E|  |TAMS 0x0000000709f00000, 0x0000000709f00000| Complete 
| 126|0x000000070a000000, 0x000000070a100000, 0x000000070a100000|100%| E|  |TAMS 0x000000070a000000, 0x000000070a000000| Complete 

Card table byte_map: [0x0000023873ee0000,0x00000238746d0000] _byte_map_base: 0x00000238706cf000

Marking Bits (Prev, Next): (CMBitMap*) 0x000002385ba407e0, (CMBitMap*) 0x000002385ba407a8
 Prev Bits: [0x0000023878e40000, 0x000002387cdb8000)
 Next Bits: [0x0000023874ec0000, 0x0000023878e38000)

Polling page: 0x0000023859900000

Metaspace:

Usage:
  Non-class:     97.48 MB capacity,    95.82 MB ( 98%) used,     1.29 MB (  1%) free+waste,   369.44 KB ( <1%) overhead. 
      Class:     14.32 MB capacity,    13.22 MB ( 92%) used,   959.29 KB (  7%) free+waste,   164.63 KB (  1%) overhead. 
       Both:    111.80 MB capacity,   109.05 MB ( 98%) used,     2.23 MB (  2%) free+waste,   534.06 KB ( <1%) overhead. 

Virtual space:
  Non-class space:      100.00 MB reserved,      99.50 MB (>99%) committed 
      Class space:        1.00 GB reserved,      14.75 MB (  1%) committed 
             Both:        1.10 GB reserved,     114.25 MB ( 10%) committed 

Chunk freelists:
   Non-Class:  1.83 MB
       Class:  342.00 KB
        Both:  2.17 MB

MaxMetaspaceSize: 17179869184.00 GB
CompressedClassSpaceSize: 1.00 GB
Initial GC threshold: 20.80 MB
Current GC threshold: 190.42 MB
CDS: off

CodeHeap 'non-profiled nmethods': size=120000Kb used=14149Kb max_used=14149Kb free=105851Kb
 bounds [0x000002386bc60000, 0x000002386ca40000, 0x0000023873190000]
CodeHeap 'profiled nmethods': size=120000Kb used=32108Kb max_used=32108Kb free=87891Kb
 bounds [0x0000023864730000, 0x0000023866690000, 0x000002386bc60000]
CodeHeap 'non-nmethods': size=5760Kb used=1426Kb max_used=1514Kb free=4333Kb
 bounds [0x0000023864190000, 0x0000023864400000, 0x0000023864730000]
 total_blobs=14906 nmethods=14153 adapters=663
 compilation: enabled
              stopped_count=0, restarted_count=0
 full_count=0

Compilation events (20 events):
Event: 82899.216 Thread 0x000002387fcb5000 nmethod 15935 0x0000023866688610 code [0x00000238666887e0, 0x0000023866688a18]
Event: 82902.820 Thread 0x000002387fcb1000 15936       4       java.math.BigInteger::add (123 bytes)
Event: 82902.898 Thread 0x000002387fcb1000 nmethod 15936 0x000002386ca2f590 code [0x000002386ca2f7a0, 0x000002386ca30ae8]
Event: 83499.024 Thread 0x000002387fcb5000 15937       3       org.springframework.context.event.GenericApplicationListenerAdapter::supportsSourceType (32 bytes)
Event: 83499.036 Thread 0x000002387fcb5000 nmethod 15937 0x0000023866688b10 code [0x0000023866688ce0, 0x0000023866689188]
Event: 83500.962 Thread 0x000002387fcb5000 15938       3       java.net.Inet6Address::<init> (26 bytes)
Event: 83500.978 Thread 0x000002387fcb5000 nmethod 15938 0x0000023866689290 code [0x00000238666894a0, 0x0000023866689bf8]
Event: 83500.979 Thread 0x000002387fcb5000 15940       3       java.net.NetworkInterface$2::<init> (15 bytes)
Event: 83500.979 Thread 0x000002387fcb5000 nmethod 15940 0x0000023866689e10 code [0x0000023866689fc0, 0x000002386668a198]
Event: 83500.979 Thread 0x000002387fcb5000 15939       3       java.net.NetworkInterface::enumerationFromArray (9 bytes)
Event: 83500.985 Thread 0x000002387fcb5000 nmethod 15939 0x000002386668a290 code [0x000002386668a460, 0x000002386668a6b8]
Event: 83501.587 Thread 0x000002387fcb5000 15941       3       java.util.LinkedList::unlink (91 bytes)
Event: 83501.593 Thread 0x000002387fcb5000 nmethod 15941 0x000002386668a790 code [0x000002386668a960, 0x000002386668ad78]
Event: 83501.670 Thread 0x000002387fcb5000 15942       3       io.netty.util.concurrent.SingleThreadEventExecutor::afterRunningAllTasks (1 bytes)
Event: 83501.691 Thread 0x000002387fcb5000 nmethod 15942 0x000002386668ae90 code [0x000002386668b040, 0x000002386668b138]
Event: 83501.705 Thread 0x000002387fcb1000 15943   !   4       org.springframework.beans.factory.support.DefaultSingletonBeanRegistry::destroyBean (385 bytes)
Event: 83501.747 Thread 0x000002387fcb5000 15944       3       java.util.concurrent.ConcurrentHashMap$BaseIterator::remove (37 bytes)
Event: 83501.753 Thread 0x000002387fcb5000 nmethod 15944 0x000002386668b210 code [0x000002386668b3e0, 0x000002386668b678]
Event: 83501.801 Thread 0x000002387fcb5000 15945   !   3       org.hibernate.internal.util.collections.BoundedConcurrentHashMap$Segment::clear (73 bytes)
Event: 83501.821 Thread 0x000002387fcb5000 nmethod 15945 0x000002386668b790 code [0x000002386668ba00, 0x000002386668c588]

GC Heap History (20 events):
Event: 82747.492 GC heap after
{Heap after GC invocations=812 (full 3):
 garbage-first heap   total 130048K, used 56517K [0x0000000702200000, 0x0000000800000000)
  region size 1024K, 1 young (1024K), 1 survivors (1024K)
 Metaspace       used 111657K, capacity 114477K, committed 116992K, reserved 1150976K
  class space    used 13541K, capacity 14664K, committed 15104K, reserved 1048576K
}
Event: 82828.838 GC heap before
{Heap before GC invocations=812 (full 3):
 garbage-first heap   total 130048K, used 113861K [0x0000000702200000, 0x0000000800000000)
  region size 1024K, 57 young (58368K), 1 survivors (1024K)
 Metaspace       used 111657K, capacity 114477K, committed 116992K, reserved 1150976K
  class space    used 13541K, capacity 14664K, committed 15104K, reserved 1048576K
}
Event: 82828.839 GC heap after
{Heap after GC invocations=813 (full 3):
 garbage-first heap   total 130048K, used 56570K [0x0000000702200000, 0x0000000800000000)
  region size 1024K, 1 young (1024K), 1 survivors (1024K)
 Metaspace       used 111657K, capacity 114477K, committed 116992K, reserved 1150976K
  class space    used 13541K, capacity 14664K, committed 15104K, reserved 1048576K
}
Event: 82897.288 GC heap before
{Heap before GC invocations=813 (full 3):
 garbage-first heap   total 130048K, used 112890K [0x0000000702200000, 0x0000000800000000)
  region size 1024K, 57 young (58368K), 1 survivors (1024K)
 Metaspace       used 111657K, capacity 114477K, committed 116992K, reserved 1150976K
  class space    used 13541K, capacity 14664K, committed 15104K, reserved 1048576K
}
Event: 82897.291 GC heap after
{Heap after GC invocations=814 (full 3):
 garbage-first heap   total 130048K, used 56939K [0x0000000702200000, 0x0000000800000000)
  region size 1024K, 1 young (1024K), 1 survivors (1024K)
 Metaspace       used 111657K, capacity 114477K, committed 116992K, reserved 1150976K
  class space    used 13541K, capacity 14664K, committed 15104K, reserved 1048576K
}
Event: 82972.719 GC heap before
{Heap before GC invocations=814 (full 3):
 garbage-first heap   total 130048K, used 114283K [0x0000000702200000, 0x0000000800000000)
  region size 1024K, 57 young (58368K), 1 survivors (1024K)
 Metaspace       used 111657K, capacity 114477K, committed 116992K, reserved 1150976K
  class space    used 13541K, capacity 14664K, committed 15104K, reserved 1048576K
}
Event: 82972.720 GC heap after
{Heap after GC invocations=815 (full 3):
 garbage-first heap   total 130048K, used 57127K [0x0000000702200000, 0x0000000800000000)
  region size 1024K, 1 young (1024K), 1 survivors (1024K)
 Metaspace       used 111657K, capacity 114477K, committed 116992K, reserved 1150976K
  class space    used 13541K, capacity 14664K, committed 15104K, reserved 1048576K
}
Event: 83053.198 GC heap before
{Heap before GC invocations=815 (full 3):
 garbage-first heap   total 130048K, used 113447K [0x0000000702200000, 0x0000000800000000)
  region size 1024K, 56 young (57344K), 1 survivors (1024K)
 Metaspace       used 111657K, capacity 114477K, committed 116992K, reserved 1150976K
  class space    used 13541K, capacity 14664K, committed 15104K, reserved 1048576K
}
Event: 83053.199 GC heap after
{Heap after GC invocations=816 (full 3):
 garbage-first heap   total 130048K, used 57113K [0x0000000702200000, 0x0000000800000000)
  region size 1024K, 1 young (1024K), 1 survivors (1024K)
 Metaspace       used 111657K, capacity 114477K, committed 116992K, reserved 1150976K
  class space    used 13541K, capacity 14664K, committed 15104K, reserved 1048576K
}
Event: 83133.202 GC heap before
{Heap before GC invocations=816 (full 3):
 garbage-first heap   total 130048K, used 113433K [0x0000000702200000, 0x0000000800000000)
  region size 1024K, 56 young (57344K), 1 survivors (1024K)
 Metaspace       used 111657K, capacity 114477K, committed 116992K, reserved 1150976K
  class space    used 13541K, capacity 14664K, committed 15104K, reserved 1048576K
}
Event: 83133.205 GC heap after
{Heap after GC invocations=817 (full 3):
 garbage-first heap   total 130048K, used 57123K [0x0000000702200000, 0x0000000800000000)
  region size 1024K, 1 young (1024K), 1 survivors (1024K)
 Metaspace       used 111657K, capacity 114477K, committed 116992K, reserved 1150976K
  class space    used 13541K, capacity 14664K, committed 15104K, reserved 1048576K
}
Event: 83213.176 GC heap before
{Heap before GC invocations=817 (full 3):
 garbage-first heap   total 130048K, used 113443K [0x0000000702200000, 0x0000000800000000)
  region size 1024K, 56 young (57344K), 1 survivors (1024K)
 Metaspace       used 111657K, capacity 114477K, committed 116992K, reserved 1150976K
  class space    used 13541K, capacity 14664K, committed 15104K, reserved 1048576K
}
Event: 83213.177 GC heap after
{Heap after GC invocations=818 (full 3):
 garbage-first heap   total 130048K, used 57201K [0x0000000702200000, 0x0000000800000000)
  region size 1024K, 1 young (1024K), 1 survivors (1024K)
 Metaspace       used 111657K, capacity 114477K, committed 116992K, reserved 1150976K
  class space    used 13541K, capacity 14664K, committed 15104K, reserved 1048576K
}
Event: 83293.476 GC heap before
{Heap before GC invocations=818 (full 3):
 garbage-first heap   total 130048K, used 113521K [0x0000000702200000, 0x0000000800000000)
  region size 1024K, 56 young (57344K), 1 survivors (1024K)
 Metaspace       used 111657K, capacity 114477K, committed 116992K, reserved 1150976K
  class space    used 13541K, capacity 14664K, committed 15104K, reserved 1048576K
}
Event: 83293.478 GC heap after
{Heap after GC invocations=819 (full 3):
 garbage-first heap   total 130048K, used 57193K [0x0000000702200000, 0x0000000800000000)
  region size 1024K, 1 young (1024K), 1 survivors (1024K)
 Metaspace       used 111657K, capacity 114477K, committed 116992K, reserved 1150976K
  class space    used 13541K, capacity 14664K, committed 15104K, reserved 1048576K
}
Event: 83374.900 GC heap before
{Heap before GC invocations=819 (full 3):
 garbage-first heap   total 130048K, used 113513K [0x0000000702200000, 0x0000000800000000)
  region size 1024K, 56 young (57344K), 1 survivors (1024K)
 Metaspace       used 111657K, capacity 114477K, committed 116992K, reserved 1150976K
  class space    used 13541K, capacity 14664K, committed 15104K, reserved 1048576K
}
Event: 83374.901 GC heap after
{Heap after GC invocations=820 (full 3):
 garbage-first heap   total 130048K, used 57171K [0x0000000702200000, 0x0000000800000000)
  region size 1024K, 1 young (1024K), 1 survivors (1024K)
 Metaspace       used 111657K, capacity 114477K, committed 116992K, reserved 1150976K
  class space    used 13541K, capacity 14664K, committed 15104K, reserved 1048576K
}
Event: 83455.282 GC heap before
{Heap before GC invocations=820 (full 3):
 garbage-first heap   total 130048K, used 113491K [0x0000000702200000, 0x0000000800000000)
  region size 1024K, 56 young (57344K), 1 survivors (1024K)
 Metaspace       used 111657K, capacity 114477K, committed 116992K, reserved 1150976K
  class space    used 13541K, capacity 14664K, committed 15104K, reserved 1048576K
}
Event: 83455.284 GC heap after
{Heap after GC invocations=821 (full 3):
 garbage-first heap   total 130048K, used 57177K [0x0000000702200000, 0x0000000800000000)
  region size 1024K, 1 young (1024K), 1 survivors (1024K)
 Metaspace       used 111657K, capacity 114477K, committed 116992K, reserved 1150976K
  class space    used 13541K, capacity 14664K, committed 15104K, reserved 1048576K
}
Event: 83502.123 GC heap before
{Heap before GC invocations=821 (full 3):
 garbage-first heap   total 130048K, used 95065K [0x0000000702200000, 0x0000000800000000)
  region size 1024K, 39 young (39936K), 1 survivors (1024K)
 Metaspace       used 111664K, capacity 114483K, committed 116992K, reserved 1150976K
  class space    used 13542K, capacity 14666K, committed 15104K, reserved 1048576K
}

Deoptimization events (20 events):
Event: 66883.610 Thread 0x0000023802e95800 Uncommon trap: trap_request=0xffffffc6 fr.pc=0x000002386c5b4c44 relative=0x0000000000001104
Event: 66883.610 Thread 0x0000023802e95800 Uncommon trap: reason=bimorphic_or_optimized_type_check action=maybe_recompile pc=0x000002386c5b4c44 method=java.util.ArrayList.batchRemove(Ljava/util/Collection;ZII)Z @ 29 c2
Event: 66883.610 Thread 0x0000023802e95800 DEOPT PACKING pc=0x000002386c5b4c44 sp=0x000000a7bd6fe130
Event: 66883.610 Thread 0x0000023802e95800 DEOPT UNPACKING pc=0x00000238641da1af sp=0x000000a7bd6fe0f8 mode 2
Event: 68330.284 Thread 0x00000238016b5800 DEOPT PACKING pc=0x000002386476ec04 sp=0x000000a7bf4fef30
Event: 68330.284 Thread 0x00000238016b5800 DEOPT UNPACKING pc=0x00000238641da95e sp=0x000000a7bf4fe3f0 mode 0
Event: 76352.621 Thread 0x00000238016b4000 DEOPT PACKING pc=0x000002386476ec04 sp=0x000000a7bd5feff0
Event: 76352.623 Thread 0x00000238016b4000 DEOPT UNPACKING pc=0x00000238641da95e sp=0x000000a7bd5fe4b0 mode 0
Event: 83499.508 Thread 0x00000238016b5800 Uncommon trap: trap_request=0xffffff4d fr.pc=0x000002386c824514 relative=0x00000000000002d4
Event: 83499.510 Thread 0x00000238016b5800 Uncommon trap: reason=unstable_if action=reinterpret pc=0x000002386c824514 method=org.springframework.boot.devtools.filewatch.FileSystemWatcher$Watcher.run()V @ 14 c2
Event: 83499.510 Thread 0x00000238016b5800 DEOPT PACKING pc=0x000002386c824514 sp=0x000000a7bf4fef40
Event: 83499.522 Thread 0x00000238016b5800 DEOPT UNPACKING pc=0x00000238641da1af sp=0x000000a7bf4feef0 mode 2
Event: 83501.705 Thread 0x0000023801367000 DEOPT PACKING pc=0x0000023865c5cf01 sp=0x000000a7bbafe790
Event: 83501.705 Thread 0x0000023801367000 DEOPT UNPACKING pc=0x00000238641da95e sp=0x000000a7bbafdce8 mode 0
Event: 83501.743 Thread 0x0000023801367000 DEOPT PACKING pc=0x0000023865c5cf01 sp=0x000000a7bbafe510
Event: 83501.744 Thread 0x0000023801367000 DEOPT UNPACKING pc=0x00000238641da95e sp=0x000000a7bbafda68 mode 0
Event: 83501.748 Thread 0x0000023801367000 DEOPT PACKING pc=0x0000023865c5cf01 sp=0x000000a7bbafe510
Event: 83501.748 Thread 0x0000023801367000 DEOPT UNPACKING pc=0x00000238641da95e sp=0x000000a7bbafda68 mode 0
Event: 83502.069 Thread 0x0000023801367000 DEOPT PACKING pc=0x0000023865c5cf01 sp=0x000000a7bbafe790
Event: 83502.069 Thread 0x0000023801367000 DEOPT UNPACKING pc=0x00000238641da95e sp=0x000000a7bbafdce8 mode 0

Classes redefined (0 events):
No events

Internal exceptions (20 events):
Event: 66881.652 Thread 0x0000023802e95800 Exception <a 'java/lang/ClassNotFoundException'{0x000000070974fed0}: java/lang/ObjectCustomizer> (0x000000070974fed0) thrown at [./src/hotspot/share/classfile/systemDictionary.cpp, line 233]
Event: 66881.653 Thread 0x0000023802e95800 Exception <a 'java/lang/ClassNotFoundException'{0x000000070976ab00}: com/project/QR/audit/AuditableCustomizer> (0x000000070976ab00) thrown at [./src/hotspot/share/classfile/systemDictionary.cpp, line 233]
Event: 66881.657 Thread 0x0000023802e95800 Exception <a 'java/lang/ClassNotFoundException'{0x0000000709784b78}: com/project/QR/keep/entity/KeepCustomizer> (0x0000000709784b78) thrown at [./src/hotspot/share/classfile/systemDictionary.cpp, line 233]
Event: 66881.662 Thread 0x0000023802e95800 Exception <a 'java/lang/ClassNotFoundException'{0x00000007097d87a8}: java/lang/ObjectCustomizer> (0x00000007097d87a8) thrown at [./src/hotspot/share/classfile/systemDictionary.cpp, line 233]
Event: 66881.663 Thread 0x0000023802e95800 Exception <a 'java/lang/ClassNotFoundException'{0x00000007097f4b98}: com/project/QR/audit/CreatedAuditableCustomizer> (0x00000007097f4b98) thrown at [./src/hotspot/share/classfile/systemDictionary.cpp, line 233]
Event: 66881.666 Thread 0x0000023802e95800 Exception <a 'java/lang/ClassNotFoundException'{0x0000000709623320}: com/project/QR/reservation/entity/ReservationCustomizer> (0x0000000709623320) thrown at [./src/hotspot/share/classfile/systemDictionary.cpp, line 233]
Event: 66881.688 Thread 0x0000023802e95800 Exception <a 'java/lang/reflect/InvocationTargetException'{0x00000007091e07a0}> (0x00000007091e07a0) thrown at [./src/hotspot/share/runtime/reflection.cpp, line 1247]
Event: 66881.834 Thread 0x0000023802e95800 Exception <a 'java/io/FileNotFoundException'{0x0000000708289c68}> (0x0000000708289c68) thrown at [./src/hotspot/share/prims/jni.cpp, line 617]
Event: 66882.027 Thread 0x0000023802e95800 Exception <a 'java/io/FileNotFoundException'{0x000000070706a7d0}> (0x000000070706a7d0) thrown at [./src/hotspot/share/prims/jni.cpp, line 617]
Event: 66882.027 Thread 0x0000023802e95800 Exception <a 'java/io/FileNotFoundException'{0x000000070706b3f0}> (0x000000070706b3f0) thrown at [./src/hotspot/share/prims/jni.cpp, line 617]
Event: 66882.259 Thread 0x0000023802e95800 Exception <a 'java/lang/ClassNotFoundException'{0x0000000708137c68}: com/project/QR/reservation/dto/StatisticsCustomizer> (0x0000000708137c68) thrown at [./src/hotspot/share/classfile/systemDictionary.cpp, line 233]
Event: 66883.525 Thread 0x0000023802e95800 Exception <a 'java/lang/ClassNotFoundException'{0x0000000708f0a6e0}: org/quartz/simpl/SimpleThreadPoolBeanInfo> (0x0000000708f0a6e0) thrown at [./src/hotspot/share/classfile/systemDictionary.cpp, line 233]
Event: 66883.525 Thread 0x0000023802e95800 Exception <a 'java/lang/ClassNotFoundException'{0x0000000708f0c740}: java/lang/ObjectBeanInfo> (0x0000000708f0c740) thrown at [./src/hotspot/share/classfile/systemDictionary.cpp, line 233]
Event: 66883.525 Thread 0x0000023802e95800 Exception <a 'java/lang/ClassNotFoundException'{0x0000000708f0e7c8}: java/lang/ObjectCustomizer> (0x0000000708f0e7c8) thrown at [./src/hotspot/share/classfile/systemDictionary.cpp, line 233]
Event: 66883.528 Thread 0x0000023802e95800 Exception <a 'java/lang/ClassNotFoundException'{0x0000000708f23b10}: org/quartz/simpl/SimpleThreadPoolCustomizer> (0x0000000708f23b10) thrown at [./src/hotspot/share/classfile/systemDictionary.cpp, line 233]
Event: 66883.530 Thread 0x0000023802e95800 Exception <a 'java/lang/ClassNotFoundException'{0x0000000708f407f0}: org/quartz/simpl/RAMJobStoreBeanInfo> (0x0000000708f407f0) thrown at [./src/hotspot/share/classfile/systemDictionary.cpp, line 233]
Event: 66883.530 Thread 0x0000023802e95800 Exception <a 'java/lang/ClassNotFoundException'{0x0000000708f514c8}: org/quartz/simpl/RAMJobStoreCustomizer> (0x0000000708f514c8) thrown at [./src/hotspot/share/classfile/systemDictionary.cpp, line 233]
Event: 83501.484 Thread 0x0000023802e99800 Exception <a 'java/lang/InterruptedException'{0x0000000707f1caf0}: sleep interrupted> (0x0000000707f1caf0) thrown at [./src/hotspot/share/prims/jvm.cpp, line 3125]
Event: 83501.622 Thread 0x0000023802e9b800 Exception <a 'java/lang/InterruptedException'{0x0000000707fdef78}: sleep interrupted> (0x0000000707fdef78) thrown at [./src/hotspot/share/prims/jvm.cpp, line 3125]
Event: 83501.952 Thread 0x0000023802e99000 Exception <a 'java/lang/InterruptedException'{0x0000000707c00040}: sleep interrupted> (0x0000000707c00040) thrown at [./src/hotspot/share/prims/jvm.cpp, line 3125]

Events (20 events):
Event: 83502.066 Executing coalesced safepoint VM operation: RevokeBias done
Event: 83502.066 Executing coalesced safepoint VM operation: BulkRevokeBias
Event: 83502.068 Executing coalesced safepoint VM operation: BulkRevokeBias done
Event: 83502.068 Executing coalesced safepoint VM operation: RevokeBias
Event: 83502.068 Executing coalesced safepoint VM operation: RevokeBias done
Event: 83502.068 Executing coalesced safepoint VM operation: RevokeBias
Event: 83502.068 Executing coalesced safepoint VM operation: RevokeBias done
Event: 83502.068 Executing VM operation: RevokeBias done
Event: 83502.068 Thread 0x00000238016b6800 Thread exited: 0x00000238016b6800
Event: 83502.068 Thread 0x00000238016b5800 Thread exited: 0x00000238016b5800
Event: 83502.068 Thread 0x00000238016b5000 Thread exited: 0x00000238016b5000
Event: 83502.068 Thread 0x00000238016b1800 Thread exited: 0x00000238016b1800
Event: 83502.068 Thread 0x00000238016b0800 Thread exited: 0x00000238016b0800
Event: 83502.068 Thread 0x00000238016b3000 Thread exited: 0x00000238016b3000
Event: 83502.068 Thread 0x00000238016b2800 Thread exited: 0x00000238016b2800
Event: 83502.068 Thread 0x00000238016b0000 Thread exited: 0x00000238016b0000
Event: 83502.068 Thread 0x00000238016bb800 Thread exited: 0x00000238016bb800
Event: 83502.068 Thread 0x0000023802e97800 Thread exited: 0x0000023802e97800
Event: 83502.096 Thread 0x0000023802e9c000 Thread exited: 0x0000023802e9c000
Event: 83502.118 Executing VM operation: G1CollectFull


Dynamic libraries:
0x00007ff625c10000 - 0x00007ff625c1d000 	C:\Program Files\Zulu\zulu-11\bin\java.exe
0x00007ffce33e0000 - 0x00007ffce35e9000 	C:\WINDOWS\SYSTEM32\ntdll.dll
0x00007ffce2cc0000 - 0x00007ffce2d7d000 	C:\WINDOWS\System32\KERNEL32.DLL
0x00007ffce0ef0000 - 0x00007ffce126c000 	C:\WINDOWS\System32\KERNELBASE.dll
0x00007ffce0dd0000 - 0x00007ffce0ee1000 	C:\WINDOWS\System32\ucrtbase.dll
0x00007ffc908a0000 - 0x00007ffc908b7000 	C:\Program Files\Zulu\zulu-11\bin\jli.dll
0x00007ffcb0a60000 - 0x00007ffcb0a75000 	C:\Program Files\Zulu\zulu-11\bin\VCRUNTIME140.dll
0x00007ffce1410000 - 0x00007ffce15bd000 	C:\WINDOWS\System32\USER32.dll
0x00007ffce0a20000 - 0x00007ffce0a46000 	C:\WINDOWS\System32\win32u.dll
0x00007ffcd4ed0000 - 0x00007ffcd5175000 	C:\WINDOWS\WinSxS\amd64_microsoft.windows.common-controls_6595b64144ccf1df_6.0.22000.120_none_9d947278b86cc467\COMCTL32.dll
0x00007ffce1970000 - 0x00007ffce1999000 	C:\WINDOWS\System32\GDI32.dll
0x00007ffce15c0000 - 0x00007ffce1663000 	C:\WINDOWS\System32\msvcrt.dll
0x00007ffce0cb0000 - 0x00007ffce0dc9000 	C:\WINDOWS\System32\gdi32full.dll
0x00007ffce0980000 - 0x00007ffce0a1d000 	C:\WINDOWS\System32\msvcp_win.dll
0x00007ffce2fd0000 - 0x00007ffce3001000 	C:\WINDOWS\System32\IMM32.DLL
0x00007ffc83630000 - 0x00007ffc836cb000 	C:\Program Files\Zulu\zulu-11\bin\msvcp140.dll
0x00007ffc82a90000 - 0x00007ffc83621000 	C:\Program Files\Zulu\zulu-11\bin\server\jvm.dll
0x00007ffce2f20000 - 0x00007ffce2fce000 	C:\WINDOWS\System32\ADVAPI32.dll
0x00007ffce18d0000 - 0x00007ffce196e000 	C:\WINDOWS\System32\sechost.dll
0x00007ffce3200000 - 0x00007ffce3320000 	C:\WINDOWS\System32\RPCRT4.dll
0x00007ffce19a0000 - 0x00007ffce19a8000 	C:\WINDOWS\System32\PSAPI.DLL
0x00007ffcd8fe0000 - 0x00007ffcd8fea000 	C:\WINDOWS\SYSTEM32\VERSION.dll
0x00007ffcd9f10000 - 0x00007ffcd9f43000 	C:\WINDOWS\SYSTEM32\WINMM.dll
0x00007ffcdb4b0000 - 0x00007ffcdb4b9000 	C:\WINDOWS\SYSTEM32\WSOCK32.dll
0x00007ffce2e30000 - 0x00007ffce2e9f000 	C:\WINDOWS\System32\WS2_32.dll
0x00007ffcdfa60000 - 0x00007ffcdfa78000 	C:\WINDOWS\SYSTEM32\kernel.appcore.dll
0x00007ffcb7f60000 - 0x00007ffcb7f70000 	C:\Program Files\Zulu\zulu-11\bin\verify.dll
0x00007ffcde570000 - 0x00007ffcde791000 	C:\WINDOWS\SYSTEM32\DBGHELP.DLL
0x00007ffcca450000 - 0x00007ffcca481000 	C:\WINDOWS\SYSTEM32\dbgcore.DLL
0x00007ffce0a50000 - 0x00007ffce0acf000 	C:\WINDOWS\System32\bcryptPrimitives.dll
0x00007ffc8b5c0000 - 0x00007ffc8b5e8000 	C:\Program Files\Zulu\zulu-11\bin\java.dll
0x00007ffcb7c60000 - 0x00007ffcb7c6a000 	C:\Program Files\Zulu\zulu-11\bin\jimage.dll
0x00007ffc8a420000 - 0x00007ffc8a438000 	C:\Program Files\Zulu\zulu-11\bin\zip.dll
0x00007ffce2180000 - 0x00007ffce2938000 	C:\WINDOWS\System32\SHELL32.dll
0x00007ffcde910000 - 0x00007ffcdf178000 	C:\WINDOWS\SYSTEM32\windows.storage.dll
0x00007ffce2940000 - 0x00007ffce2cb9000 	C:\WINDOWS\System32\combase.dll
0x00007ffcde7a0000 - 0x00007ffcde906000 	C:\WINDOWS\SYSTEM32\wintypes.dll
0x00007ffce1ae0000 - 0x00007ffce1bca000 	C:\WINDOWS\System32\SHCORE.dll
0x00007ffce2ec0000 - 0x00007ffce2f1d000 	C:\WINDOWS\System32\shlwapi.dll
0x00007ffce07f0000 - 0x00007ffce0811000 	C:\WINDOWS\SYSTEM32\profapi.dll
0x00007ffc8a490000 - 0x00007ffc8a4a9000 	C:\Program Files\Zulu\zulu-11\bin\net.dll
0x00007ffcdae90000 - 0x00007ffcdaf9c000 	C:\WINDOWS\SYSTEM32\WINHTTP.dll
0x00007ffcdfe80000 - 0x00007ffcdfee7000 	C:\WINDOWS\system32\mswsock.dll
0x00007ffc8a470000 - 0x00007ffc8a483000 	C:\Program Files\Zulu\zulu-11\bin\nio.dll
0x00007ffcda0d0000 - 0x00007ffcda0d9000 	C:\Program Files\Zulu\zulu-11\bin\management.dll
0x00007ffcd4c50000 - 0x00007ffcd4c5b000 	C:\Program Files\Zulu\zulu-11\bin\management_ext.dll
0x00007ffcdb2a0000 - 0x00007ffcdb2b7000 	C:\WINDOWS\system32\napinsp.dll
0x00007ffcca570000 - 0x00007ffcca58b000 	C:\WINDOWS\system32\pnrpnsp.dll
0x00007ffcdf5c0000 - 0x00007ffcdf6a8000 	C:\WINDOWS\SYSTEM32\DNSAPI.dll
0x00007ffcdf590000 - 0x00007ffcdf5bd000 	C:\WINDOWS\SYSTEM32\IPHLPAPI.DLL
0x00007ffce19b0000 - 0x00007ffce19b9000 	C:\WINDOWS\System32\NSI.dll
0x00007ffcca190000 - 0x00007ffcca1a2000 	C:\WINDOWS\System32\winrnr.dll
0x00007ffcd9260000 - 0x00007ffcd9275000 	C:\WINDOWS\system32\wshbth.dll
0x00007ffc80c90000 - 0x00007ffc80caf000 	C:\WINDOWS\system32\nlansp_c.dll
0x00007ffcd6b80000 - 0x00007ffcd6b8a000 	C:\Windows\System32\rasadhlp.dll
0x00007ffcd9320000 - 0x00007ffcd93a1000 	C:\WINDOWS\System32\fwpuclnt.dll
0x00007ffce0160000 - 0x00007ffce0178000 	C:\WINDOWS\SYSTEM32\CRYPTSP.dll
0x00007ffcdf9c0000 - 0x00007ffcdf9f5000 	C:\WINDOWS\system32\rsaenh.dll
0x00007ffcdff20000 - 0x00007ffcdff49000 	C:\WINDOWS\SYSTEM32\USERENV.dll
0x00007ffce02a0000 - 0x00007ffce02c7000 	C:\WINDOWS\SYSTEM32\bcrypt.dll
0x00007ffce0070000 - 0x00007ffce007c000 	C:\WINDOWS\SYSTEM32\CRYPTBASE.dll
0x00007ffcda640000 - 0x00007ffcda659000 	C:\WINDOWS\SYSTEM32\dhcpcsvc6.DLL
0x00007ffcdb590000 - 0x00007ffcdb5ae000 	C:\WINDOWS\SYSTEM32\dhcpcsvc.DLL
0x00007ffcda100000 - 0x00007ffcda10e000 	C:\Program Files\Zulu\zulu-11\bin\sunmscapi.dll
0x00007ffce0b40000 - 0x00007ffce0ca2000 	C:\WINDOWS\System32\CRYPT32.dll
0x00007ffce0270000 - 0x00007ffce0298000 	C:\WINDOWS\SYSTEM32\ncrypt.dll
0x00007ffce0230000 - 0x00007ffce0267000 	C:\WINDOWS\SYSTEM32\NTASN1.dll
0x00007ffcd4bb0000 - 0x00007ffcd4bd5000 	C:\Program Files\Zulu\zulu-11\bin\sunec.dll

dbghelp: loaded successfully - version: 4.0.5 - missing functions: none
symbol engine: initialized successfully - sym options: 0x614 - pdb path: .;C:\Program Files\Zulu\zulu-11\bin;C:\WINDOWS\SYSTEM32;C:\WINDOWS\WinSxS\amd64_microsoft.windows.common-controls_6595b64144ccf1df_6.0.22000.120_none_9d947278b86cc467;C:\Program Files\Zulu\zulu-11\bin\server

VM Arguments:
jvm_args: -Dfile.encoding=UTF-8 -Duser.country=KR -Duser.language=ko -Duser.variant 
java_command: com.project.QR.QrApplication
java_class_path (initial): D:\main-project\seb39_main_061\server\build\classes\java\main;D:\main-project\seb39_main_061\server\build\resources\main;C:\Users\yount\.gradle\caches\modules-2\files-2.1\org.springframework.boot\spring-boot-devtools\2.7.3\ea46ce1fc8c0581f2455dcc43a11768660d87388\spring-boot-devtools-2.7.3.jar;C:\Users\yount\.gradle\caches\modules-2\files-2.1\org.projectlombok\lombok\1.18.24\13a394eed5c4f9efb2a6d956e2086f1d81e857d9\lombok-1.18.24.jar;C:\Users\yount\.gradle\caches\modules-2\files-2.1\org.springframework.boot\spring-boot-starter-oauth2-client\2.7.3\61906dea74a7f3250121b46997ff0a7f9adc55e0\spring-boot-starter-oauth2-client-2.7.3.jar;C:\Users\yount\.gradle\caches\modules-2\files-2.1\org.springframework.boot\spring-boot-starter-security\2.7.3\bcdd12a760d204281a64dccbd670810c494507e3\spring-boot-starter-security-2.7.3.jar;C:\Users\yount\.gradle\caches\modules-2\files-2.1\org.springframework.boot\spring-boot-starter-batch\2.7.3\c99b4db710e57ede8ffbd904de35515adb325ca7\spring-boot-starter-batch-2.7.3.jar;C:\Users\yount\.gradle\caches\modules-2\files-2.1\org.springframework.boot\spring-boot-starter-quartz\2.7.3\18eac7d5ddde65d9306d2540b35ad1f450b7c030\spring-boot-starter-quartz-2.7.3.jar;C:\Users\yount\.gradle\caches\modules-2\files-2.1\org.springframework.security\spring-security-test\5.7.3\36aab70fc9d2fd3557d9bb840193a6d00857b408\spring-security-test-5.7.3.jar;C:\Users\yount\.gradle\caches\modules-2\files-2.1\io.jsonwebtoken\jjwt\0.9.1\54d2abfc3e63a28824d35bf600d6a5d627da681a\jjwt-0.9.1.jar;C:\Users\yount\.gradle\caches\modules-2\files-2.1\org.springframework.boot\spring-boot-starter-data-redis\2.7.3\e230d74ab26914d35e57ec5dc723aa5035ad0ae1\spring-boot-starter-data-redis-2.7.3.jar;C:\Users\yount\.gradle\caches\modules-2\files-2.1\org.springframework.boot\spring-boot-starter-data-jpa\2.7.3\23f7118584200cf9edd43140dc6252679047bee0\spring-boot-starter-data-jpa-2.7.3.jar;C:\Users\yount\.gradle\caches\modules-2\files-2.1\org.springframework.boot\spr
Launcher Type: SUN_STANDARD

[Global flags]
     intx CICompilerCount                          = 4                                         {product} {ergonomic}
     uint ConcGCThreads                            = 3                                         {product} {ergonomic}
     uint G1ConcRefinementThreads                  = 10                                        {product} {ergonomic}
   size_t G1HeapRegionSize                         = 1048576                                   {product} {ergonomic}
    uintx GCDrainStackTargetSize                   = 64                                        {product} {ergonomic}
   size_t InitialHeapSize                          = 266338304                                 {product} {ergonomic}
   size_t MarkStackSize                            = 4194304                                   {product} {ergonomic}
   size_t MaxHeapSize                              = 4259315712                                {product} {ergonomic}
   size_t MaxNewSize                               = 2555379712                                {product} {ergonomic}
   size_t MinHeapDeltaBytes                        = 1048576                                   {product} {ergonomic}
    uintx NonNMethodCodeHeapSize                   = 5836300                                {pd product} {ergonomic}
    uintx NonProfiledCodeHeapSize                  = 122910970                              {pd product} {ergonomic}
    uintx ProfiledCodeHeapSize                     = 122910970                              {pd product} {ergonomic}
    uintx ReservedCodeCacheSize                    = 251658240                              {pd product} {ergonomic}
     bool SegmentedCodeCache                       = true                                      {product} {ergonomic}
     bool UseCompressedClassPointers               = true                                 {lp64_product} {ergonomic}
     bool UseCompressedOops                        = true                                 {lp64_product} {ergonomic}
     bool UseG1GC                                  = true                                      {product} {ergonomic}
     bool UseLargePagesIndividualAllocation        = false                                  {pd product} {ergonomic}

Logging:
Log output configuration:
 #0: stdout all=warning uptime,level,tags
 #1: stderr all=off uptime,level,tags

Environment Variables:
JAVA_HOME=C:\Program Files\Zulu\zulu-11
CLASSPATH=C:\Program Files\Zulu\zulu-11lib
PATH=C:\Python310\Scripts\;C:\Python310\;C:\Program Files\Zulu\zulu-11\bin\;C:\WINDOWS\system32;C:\WINDOWS;C:\WINDOWS\System32\Wbem;C:\WINDOWS\System32\WindowsPowerShell\v1.0\;C:\WINDOWS\System32\OpenSSH\;C:\Program Files\Bandizip\;C:\Program Files\Zulu\zulu-11bin;C:\Program Files\Git\cmd;C:\Program Files\nodejs\;C:\ProgramData\chocolatey\bin;C:\Program Files\PuTTY\;C:\Program Files\Docker\Docker\resources\bin;C:\ProgramData\DockerDesktop\version-bin;C:\Users\yount\AppData\Local\Microsoft\WindowsApps;;C:\Program Files\JetBrains\IntelliJ IDEA Community Edition 2022.1\bin;;C:\Users\yount\AppData\Local\Programs\Microsoft VS Code\bin;C:\Users\yount\AppData\Local\JetBrains\Toolbox\scripts;C:\Users\yount\AppData\Roaming\npm
USERNAME=yount
OS=Windows_NT
PROCESSOR_IDENTIFIER=Intel64 Family 6 Model 158 Stepping 10, GenuineIntel



---------------  S Y S T E M  ---------------

OS: Windows 11 , 64 bit Build 22000 (10.0.22000.708)
OS uptime: 7 days 17:15 hours
Hyper-V role detected

CPU:total 12 (initial active 12) (6 cores per cpu, 2 threads per core) family 6 model 158 stepping 10 microcode 0xf0, cmov, cx8, fxsr, mmx, sse, sse2, sse3, ssse3, sse4.1, sse4.2, popcnt, avx, avx2, aes, clmul, erms, 3dnowpref, lzcnt, ht, tsc, tscinvbit, bmi1, bmi2, adx, fma

Memory: 4k page, system-wide physical 16240M (362M free)
TotalPageFile size 39290M (AvailPageFile size 11325M)
current process WorkingSet (physical memory assigned to process): 254M, peak: 528M
current process commit charge ("private bytes"): 486M, peak: 642M

vm_info: OpenJDK 64-Bit Server VM (11.0.15+10-LTS) for windows-amd64 JRE (Zulu11.56+19-CA) (11.0.15+10-LTS), built on Apr 17 2022 08:58:55 by "zulu_re" with MS VC++ 15.9 (VS2017)

END.
